步骤0	当前分析栈:FUNCTIONS#	余留符号串：intmain(){inta=2,b=3;while(a!=5){b*=3;a++;}b>>=2;return0;}#	语义栈:#

步骤1	当前分析栈:FUNCTIONFUNLIST#	余留符号串：intmain(){inta=2,b=3;while(a!=5){b*=3;a++;}b>>=2;return0;}#	语义栈:#

步骤2	当前分析栈:TYPEid(ARGS)FUNC_BODYFUNLIST#	余留符号串：intmain(){inta=2,b=3;while(a!=5){b*=3;a++;}b>>=2;return0;}#	语义栈:#

步骤3	当前分析栈:intid(ARGS)FUNC_BODYFUNLIST#	余留符号串：intmain(){inta=2,b=3;while(a!=5){b*=3;a++;}b>>=2;return0;}#	语义栈:#

步骤4	当前分析栈:id(ARGS)FUNC_BODYFUNLIST#	余留符号串：main(){inta=2,b=3;while(a!=5){b*=3;a++;}b>>=2;return0;}#	语义栈:#

步骤5	当前分析栈:(ARGS)FUNC_BODYFUNLIST#	余留符号串：(){inta=2,b=3;while(a!=5){b*=3;a++;}b>>=2;return0;}#	语义栈:#

步骤6	当前分析栈:ARGS)FUNC_BODYFUNLIST#	余留符号串：){inta=2,b=3;while(a!=5){b*=3;a++;}b>>=2;return0;}#	语义栈:#

步骤7	当前分析栈:)FUNC_BODYFUNLIST#	余留符号串：){inta=2,b=3;while(a!=5){b*=3;a++;}b>>=2;return0;}#	语义栈:#

步骤8	当前分析栈:FUNC_BODYFUNLIST#	余留符号串：{inta=2,b=3;while(a!=5){b*=3;a++;}b>>=2;return0;}#	语义栈:#

步骤9	当前分析栈:{STMTS}FUNLIST#	余留符号串：{inta=2,b=3;while(a!=5){b*=3;a++;}b>>=2;return0;}#	语义栈:#

步骤10	当前分析栈:STMTS}FUNLIST#	余留符号串：inta=2,b=3;while(a!=5){b*=3;a++;}b>>=2;return0;}#	语义栈:#

步骤11	当前分析栈:STMTSTMTS}FUNLIST#	余留符号串：inta=2,b=3;while(a!=5){b*=3;a++;}b>>=2;return0;}#	语义栈:#

步骤12	当前分析栈:EXPR_STMTSTMTS}FUNLIST#	余留符号串：inta=2,b=3;while(a!=5){b*=3;a++;}b>>=2;return0;}#	语义栈:#

步骤13	当前分析栈:EXPR;STMTS}FUNLIST#	余留符号串：inta=2,b=3;while(a!=5){b*=3;a++;}b>>=2;return0;}#	语义栈:#

步骤14	当前分析栈:EARGS;STMTS}FUNLIST#	余留符号串：inta=2,b=3;while(a!=5){b*=3;a++;}b>>=2;return0;}#	语义栈:#

步骤15	当前分析栈:FARGSEALIST;STMTS}FUNLIST#	余留符号串：inta=2,b=3;while(a!=5){b*=3;a++;}b>>=2;return0;}#	语义栈:#

步骤16	当前分析栈:TYPEidEALIST;STMTS}FUNLIST#	余留符号串：inta=2,b=3;while(a!=5){b*=3;a++;}b>>=2;return0;}#	语义栈:#

步骤17	当前分析栈:intidEALIST;STMTS}FUNLIST#	余留符号串：inta=2,b=3;while(a!=5){b*=3;a++;}b>>=2;return0;}#	语义栈:#

步骤18	当前分析栈:idEALIST;STMTS}FUNLIST#	余留符号串：a=2,b=3;while(a!=5){b*=3;a++;}b>>=2;return0;}#	语义栈:#

步骤19	当前分析栈:EALIST;STMTS}FUNLIST#	余留符号串：=2,b=3;while(a!=5){b*=3;a++;}b>>=2;return0;}#	语义栈:#

步骤20	当前分析栈:;STMTS}FUNLIST#	余留符号串：2,b=3;while(a!=5){b*=3;a++;}b>>=2;return0;}#	语义栈:#

步骤21	当前分析栈:STMTS}FUNLIST#	余留符号串：,b=3;while(a!=5){b*=3;a++;}b>>=2;return0;}#	语义栈:#

步骤22	当前分析栈:}FUNLIST#	余留符号串：b=3;while(a!=5){b*=3;a++;}b>>=2;return0;}#	语义栈:#

步骤23	当前分析栈:FUNLIST#	余留符号串：=3;while(a!=5){b*=3;a++;}b>>=2;return0;}#	语义栈:#

步骤24	当前分析栈:#	余留符号串：3;while(a!=5){b*=3;a++;}b>>=2;return0;}#	语义栈:#

步骤25	
错误信息如下：
错误序号	错误信息	错误所在行 	错误单词
1	error		2	=
2	error		2	2
3	error		2	,
4	error		2	b
5	error		2	=
